# BLASTX 2.13.0+
# Query: NC_015119.1:1426-2962 Boreus elegans mitochondrion, complete genome
# RID: GCZM8CR3016
# Database: nr
# Fields: query acc.ver, subject acc.ver, % identity, alignment length, mismatches, gap opens, q. start, q. end, s. start, s. end, evalue, bit score
# 500 hits found
NC_015119.1:1426-2962	ADW83149.1	89.041	511	56	0	4	1536	2	512	0.0	681
NC_015119.1:1426-2962	UOU85293.1	78.824	510	108	0	4	1533	1	510	0.0	618
NC_015119.1:1426-2962	QTT60868.1	78.824	510	108	0	4	1533	2	511	0.0	617
NC_015119.1:1426-2962	UQJ73604.1	78.824	510	108	0	4	1533	2	511	0.0	617
NC_015119.1:1426-2962	UQJ73319.1	78.824	510	108	0	4	1533	2	511	0.0	617
NC_015119.1:1426-2962	YP_010564768.1	79.216	510	106	0	4	1533	1	510	0.0	617
NC_015119.1:1426-2962	UQJ73682.1	78.824	510	108	0	4	1533	2	511	0.0	616
NC_015119.1:1426-2962	XP_043071756.1	82.711	509	88	0	7	1533	1	509	0.0	616
NC_015119.1:1426-2962	UZA61119.1	79.216	510	106	0	4	1533	1	510	0.0	615
NC_015119.1:1426-2962	XP_041632320.1	81.961	510	92	0	4	1533	3	512	0.0	615
NC_015119.1:1426-2962	YP_010240537.1	78.627	510	109	0	4	1533	2	511	0.0	615
NC_015119.1:1426-2962	QQV73779.1	78.627	510	109	0	4	1533	1	510	0.0	615
NC_015119.1:1426-2962	YP_010564755.1	78.824	510	108	0	4	1533	1	510	0.0	615
NC_015119.1:1426-2962	XCB07795.1	78.082	511	112	0	4	1536	3	513	0.0	615
NC_015119.1:1426-2962	YP_010506499.1	78.824	510	108	0	4	1533	1	510	0.0	614
NC_015119.1:1426-2962	AEW48029.1	78.474	511	110	0	4	1536	2	512	0.0	614
NC_015119.1:1426-2962	YP_010397513.1	78.627	510	109	0	4	1533	2	511	0.0	613
NC_015119.1:1426-2962	BAO24715.1	77.886	511	113	0	1	1533	1	511	0.0	613
NC_015119.1:1426-2962	AEW48028.1	77.886	511	113	0	4	1536	2	512	0.0	613
NC_015119.1:1426-2962	YP_010506486.1	77.647	510	114	0	4	1533	1	510	0.0	613
NC_015119.1:1426-2962	XCB07808.1	78.278	511	111	0	4	1536	1	511	0.0	613
NC_015119.1:1426-2962	BAO24718.1	78.039	510	112	0	4	1533	2	511	0.0	613
NC_015119.1:1426-2962	YP_010564729.1	78.627	510	109	0	4	1533	1	510	0.0	613
NC_015119.1:1426-2962	YP_010397474.1	78.824	510	108	0	4	1533	2	511	0.0	613
NC_015119.1:1426-2962	DAA06196.1	77.451	510	115	0	4	1533	2	511	0.0	613
NC_015119.1:1426-2962	YP_010564794.1	79.216	510	106	0	4	1533	1	510	0.0	613
NC_015119.1:1426-2962	YP_010564781.1	78.824	510	108	0	4	1533	1	510	0.0	613
NC_015119.1:1426-2962	WKU83871.1	78.235	510	111	0	4	1533	1	510	0.0	613
NC_015119.1:1426-2962	UQJ73487.1	78.627	510	109	0	4	1533	2	511	0.0	613
NC_015119.1:1426-2962	AEY80471.1	78.278	511	111	0	4	1536	2	512	0.0	613
NC_015119.1:1426-2962	QUE26641.1	77.843	510	113	0	4	1533	2	511	0.0	612
NC_015119.1:1426-2962	BAO24706.1	77.843	510	113	0	4	1533	2	511	0.0	612
NC_015119.1:1426-2962	YP_010372425.1	78.627	510	109	0	4	1533	1	510	0.0	612
NC_015119.1:1426-2962	ACD54999.1	78.039	510	112	0	4	1533	2	511	0.0	612
NC_015119.1:1426-2962	UQJ73643.1	78.824	510	108	0	4	1533	2	511	0.0	612
NC_015119.1:1426-2962	YP_009684648.1	78.627	510	109	0	4	1533	2	511	0.0	612
NC_015119.1:1426-2962	QNH29481.1	78.082	511	112	0	4	1536	2	512	0.0	612
NC_015119.1:1426-2962	ACD54976.1	78.039	510	112	0	4	1533	2	511	0.0	612
NC_015119.1:1426-2962	AEW48031.1	78.278	511	111	0	4	1536	2	512	0.0	612
NC_015119.1:1426-2962	QNH29475.1	78.082	511	112	0	4	1536	2	512	0.0	612
NC_015119.1:1426-2962	YP_010225778.1	79.608	510	104	0	4	1533	2	511	0.0	612
NC_015119.1:1426-2962	UPX88500.1	77.647	510	114	0	4	1533	1	510	0.0	612
NC_015119.1:1426-2962	QID03237.1	78.627	510	109	0	4	1533	1	510	0.0	612
NC_015119.1:1426-2962	AAL79942.1	77.691	511	114	0	4	1536	2	512	0.0	612
NC_015119.1:1426-2962	QNH29488.1	78.278	511	111	0	4	1536	2	512	0.0	612
NC_015119.1:1426-2962	BAO24730.1	77.843	510	113	0	4	1533	2	511	0.0	612
NC_015119.1:1426-2962	WKU83850.1	78.431	510	110	0	4	1533	1	510	0.0	612
NC_015119.1:1426-2962	QXG19266.1	78.431	510	110	0	4	1533	1	510	0.0	612
NC_015119.1:1426-2962	UQJ73332.1	78.824	510	108	0	4	1533	2	511	0.0	612
NC_015119.1:1426-2962	YP_010272004.1	77.647	510	114	0	4	1533	4	513	0.0	612
NC_015119.1:1426-2962	AAX35703.1	77.451	510	115	0	4	1533	2	511	0.0	612
NC_015119.1:1426-2962	BAO24731.1	77.843	510	113	0	4	1533	2	511	0.0	612
NC_015119.1:1426-2962	QXG19253.1	78.235	510	111	0	4	1533	1	510	0.0	612
NC_015119.1:1426-2962	QXG19630.1	78.235	510	111	0	4	1533	1	510	0.0	612
NC_015119.1:1426-2962	QXG19058.1	77.451	510	115	0	4	1533	1	510	0.0	612
NC_015119.1:1426-2962	QXG19136.1	77.647	510	114	0	4	1533	1	510	0.0	612
NC_015119.1:1426-2962	AEY80464.1	78.669	511	109	0	4	1536	2	512	0.0	612
NC_015119.1:1426-2962	BAO24711.1	77.647	510	114	0	4	1533	2	511	0.0	612
NC_015119.1:1426-2962	AEY80462.1	78.082	511	112	0	4	1536	2	512	0.0	612
NC_015119.1:1426-2962	YP_010397578.1	79.020	510	107	0	4	1533	2	511	0.0	612
NC_015119.1:1426-2962	YP_010610955.1	77.647	510	114	0	4	1533	1	510	0.0	612
NC_015119.1:1426-2962	QNH29339.1	77.691	511	114	0	4	1536	2	512	0.0	612
NC_015119.1:1426-2962	ACD54982.1	78.039	510	112	0	4	1533	2	511	0.0	612
NC_015119.1:1426-2962	XCB07834.1	77.886	511	113	0	4	1536	1	511	0.0	612
NC_015119.1:1426-2962	QNE85558.1	78.865	511	108	0	1	1533	1	511	0.0	612
NC_015119.1:1426-2962	YP_010883347.1	78.039	510	112	0	4	1533	1	510	0.0	612
NC_015119.1:1426-2962	QXG19487.1	78.431	510	110	0	4	1533	1	510	0.0	611
NC_015119.1:1426-2962	BAO24749.1	78.039	510	112	0	4	1533	2	511	0.0	611
NC_015119.1:1426-2962	YP_009689999.1	78.235	510	111	0	4	1533	2	511	0.0	611
NC_015119.1:1426-2962	AAX35707.1	77.843	510	113	0	4	1533	2	511	0.0	611
NC_015119.1:1426-2962	UQJ73526.1	78.627	510	109	0	4	1533	2	511	0.0	611
NC_015119.1:1426-2962	QXG19552.1	77.843	510	113	0	4	1533	1	510	0.0	611
NC_015119.1:1426-2962	UQJ73591.1	78.627	510	109	0	4	1533	2	511	0.0	611
NC_015119.1:1426-2962	ACD54995.1	78.039	510	112	0	4	1533	2	511	0.0	611
NC_015119.1:1426-2962	WKU83833.1	78.627	510	109	0	4	1533	1	510	0.0	611
NC_015119.1:1426-2962	YP_010262572.1	77.255	510	116	0	4	1533	2	511	0.0	611
NC_015119.1:1426-2962	QLY89612.1	78.474	511	110	0	4	1536	1	511	0.0	611
NC_015119.1:1426-2962	BAO24772.1	77.843	510	113	0	4	1533	2	511	0.0	611
NC_015119.1:1426-2962	YP_010035948.1	78.431	510	110	0	4	1533	2	511	0.0	611
NC_015119.1:1426-2962	BAO24773.1	78.039	510	112	0	4	1533	2	511	0.0	611
NC_015119.1:1426-2962	QXG19435.1	78.627	510	109	0	4	1533	1	510	0.0	611
NC_015119.1:1426-2962	AEL13700.1	77.886	511	113	0	4	1536	2	512	0.0	611
NC_015119.1:1426-2962	AEW48047.1	77.299	511	116	0	4	1536	2	512	0.0	611
NC_015119.1:1426-2962	YP_010397591.1	78.431	510	110	0	4	1533	2	511	0.0	611
NC_015119.1:1426-2962	BAO24712.1	77.843	510	113	0	4	1533	2	511	0.0	611
NC_015119.1:1426-2962	ACD54955.1	78.039	510	112	0	4	1533	2	511	0.0	611
NC_015119.1:1426-2962	BAO24739.1	77.843	510	113	0	4	1533	2	511	0.0	611
NC_015119.1:1426-2962	BAO24710.1	77.647	510	114	0	4	1533	2	511	0.0	611
NC_015119.1:1426-2962	YP_010691291.1	78.431	510	110	0	4	1533	2	511	0.0	611
NC_015119.1:1426-2962	BAT46679.1	77.843	510	113	0	4	1533	2	511	0.0	611
NC_015119.1:1426-2962	YP_010895185.1	78.824	510	108	0	4	1533	1	510	0.0	611
NC_015119.1:1426-2962	QNH29377.1	77.886	511	113	0	4	1536	2	512	0.0	611
NC_015119.1:1426-2962	YP_010397500.1	78.627	510	109	0	4	1533	2	511	0.0	611
NC_015119.1:1426-2962	UQJ73513.1	78.431	510	110	0	4	1533	2	511	0.0	611
NC_015119.1:1426-2962	WKU84223.1	77.843	510	113	0	4	1533	1	510	0.0	611
NC_015119.1:1426-2962	QXG19240.1	78.235	510	111	0	4	1533	1	510	0.0	611
NC_015119.1:1426-2962	QOV03280.1	78.865	511	108	0	1	1533	1	511	0.0	611
NC_015119.1:1426-2962	AMH85345.1	78.627	510	109	0	4	1533	3	512	0.0	611
NC_015119.1:1426-2962	BAO24758.1	77.843	510	113	0	4	1533	2	511	0.0	611
NC_015119.1:1426-2962	DAA06261.1	78.431	510	110	0	4	1533	2	511	0.0	611
NC_015119.1:1426-2962	UPX88435.1	78.235	510	111	0	4	1533	2	511	0.0	611
NC_015119.1:1426-2962	UQJ73565.1	78.627	510	109	0	4	1533	2	511	0.0	611
NC_015119.1:1426-2962	BAO24750.1	77.843	510	113	0	4	1533	2	511	0.0	611
NC_015119.1:1426-2962	ANZ03449.1	77.647	510	114	0	4	1533	2	511	0.0	611
NC_015119.1:1426-2962	QXG19097.1	77.843	510	113	0	4	1533	1	510	0.0	611
NC_015119.1:1426-2962	CAC14066.1	77.843	510	113	0	4	1533	3	512	0.0	611
NC_015119.1:1426-2962	AID22211.1	78.669	511	109	0	4	1536	2	512	0.0	611
NC_015119.1:1426-2962	YP_010397526.1	78.627	510	109	0	4	1533	2	511	0.0	610
NC_015119.1:1426-2962	QXG19071.1	77.843	510	113	0	4	1533	1	510	0.0	610
NC_015119.1:1426-2962	YP_010259302.1	77.451	510	115	0	4	1533	2	511	0.0	610
NC_015119.1:1426-2962	QLY89929.1	78.669	511	109	0	4	1536	1	511	0.0	610
NC_015119.1:1426-2962	YP_010385049.1	78.431	510	110	0	4	1533	1	510	0.0	610
NC_015119.1:1426-2962	AHG53753.1	77.843	510	113	0	4	1533	2	511	0.0	610
NC_015119.1:1426-2962	QXG19110.1	77.647	510	114	0	4	1533	1	510	0.0	610
NC_015119.1:1426-2962	ADW41417.1	77.843	510	113	0	4	1533	2	511	0.0	610
NC_015119.1:1426-2962	AAX35704.1	78.235	510	111	0	4	1533	2	511	0.0	610
NC_015119.1:1426-2962	QXG19201.1	77.647	510	114	0	4	1533	1	510	0.0	610
NC_015119.1:1426-2962	YP_010231156.1	77.647	510	114	0	4	1533	2	511	0.0	610
NC_015119.1:1426-2962	AAF77258.1	77.495	511	115	0	1	1533	2	512	0.0	610
NC_015119.1:1426-2962	WKU84232.1	78.235	510	111	0	4	1533	1	510	0.0	610
NC_015119.1:1426-2962	ACD54895.1	78.039	510	112	0	4	1533	2	511	0.0	610
NC_015119.1:1426-2962	ACD54897.1	78.039	510	112	0	4	1533	2	511	0.0	610
NC_015119.1:1426-2962	YP_010397604.1	78.627	510	109	0	4	1533	2	511	0.0	610
NC_015119.1:1426-2962	QXG19513.1	77.843	510	113	0	4	1533	1	510	0.0	610
NC_015119.1:1426-2962	BAO24744.1	77.843	510	113	0	4	1533	2	511	0.0	610
NC_015119.1:1426-2962	YP_010691239.1	78.039	510	112	0	4	1533	2	511	0.0	610
NC_015119.1:1426-2962	UZH22983.1	79.020	510	107	0	4	1533	2	511	0.0	610
NC_015119.1:1426-2962	QNH29500.1	77.691	511	114	0	4	1536	2	512	0.0	610
NC_015119.1:1426-2962	QKD74987.1	78.865	511	108	0	1	1533	1	511	0.0	610
NC_015119.1:1426-2962	ACD55014.1	78.431	510	110	0	4	1533	2	511	0.0	610
NC_015119.1:1426-2962	AEY80473.1	78.082	511	112	0	4	1536	2	512	0.0	610
NC_015119.1:1426-2962	QXG19344.1	78.431	510	110	0	4	1533	1	510	0.0	610
NC_015119.1:1426-2962	QGR23995.1	78.431	510	110	0	4	1533	2	511	0.0	610
NC_015119.1:1426-2962	ACF40681.1	77.691	511	114	0	4	1536	2	512	0.0	610
NC_015119.1:1426-2962	BAO24734.1	77.647	510	114	0	4	1533	2	511	0.0	610
NC_015119.1:1426-2962	WBU93850.1	78.039	510	112	0	4	1533	2	511	0.0	610
NC_015119.1:1426-2962	YP_010397539.1	78.627	510	109	0	4	1533	2	511	0.0	610
NC_015119.1:1426-2962	YP_009166080.1	78.039	510	112	0	4	1533	2	511	0.0	610
NC_015119.1:1426-2962	YP_010225765.1	79.804	510	103	0	4	1533	2	511	0.0	610
NC_015119.1:1426-2962	KAI8032971.1	77.647	510	114	0	4	1533	1	510	0.0	610
NC_015119.1:1426-2962	UJP29439.1	78.474	511	110	0	4	1536	2	512	0.0	610
NC_015119.1:1426-2962	QNH29461.1	77.691	511	114	0	4	1536	2	512	0.0	610
NC_015119.1:1426-2962	ADW41261.1	78.235	510	111	0	4	1533	2	511	0.0	610
NC_015119.1:1426-2962	NP_006903.1	77.843	510	113	0	4	1533	2	511	0.0	610
NC_015119.1:1426-2962	AEW48034.1	78.474	511	110	0	4	1536	2	512	0.0	610
NC_015119.1:1426-2962	DAA06235.1	78.431	510	110	0	4	1533	2	511	0.0	610
NC_015119.1:1426-2962	ADW41352.1	77.843	510	113	0	4	1533	2	511	0.0	610
NC_015119.1:1426-2962	AEY80472.1	78.082	511	112	0	4	1536	2	512	0.0	610
NC_015119.1:1426-2962	YP_010865930.1	80.392	510	100	0	4	1533	2	511	0.0	610
NC_015119.1:1426-2962	XCB07782.2	77.886	511	113	0	4	1536	1	511	0.0	610
NC_015119.1:1426-2962	BAO24756.1	77.843	510	113	0	4	1533	2	511	0.0	610
NC_015119.1:1426-2962	QNH29450.1	77.691	511	114	0	4	1536	2	512	0.0	610
NC_015119.1:1426-2962	AAF77413.1	77.691	511	114	0	1	1533	2	512	0.0	610
NC_015119.1:1426-2962	WKU83846.1	77.843	510	113	0	4	1533	1	510	0.0	610
NC_015119.1:1426-2962	YP_010397552.1	78.627	510	109	0	4	1533	2	511	0.0	610
NC_015119.1:1426-2962	QGR23956.1	78.431	510	110	0	4	1533	2	511	0.0	610
NC_015119.1:1426-2962	YP_010865878.1	80.196	510	101	0	4	1533	2	511	0.0	610
NC_015119.1:1426-2962	QXG19591.1	78.039	510	112	0	4	1533	1	510	0.0	610
NC_015119.1:1426-2962	UIX24998.1	77.451	510	115	0	4	1533	2	511	0.0	610
NC_015119.1:1426-2962	NP_987108.2	77.495	511	115	0	1	1533	1	511	0.0	610
NC_015119.1:1426-2962	WDA93933.1	78.627	510	109	0	4	1533	2	511	0.0	610
NC_015119.1:1426-2962	QNE85376.1	78.235	510	111	0	4	1533	1	510	0.0	610
NC_015119.1:1426-2962	QGR23969.1	78.235	510	111	0	4	1533	2	511	0.0	610
NC_015119.1:1426-2962	QXG19396.1	78.039	510	112	0	4	1533	1	510	0.0	610
NC_015119.1:1426-2962	QXG19214.1	77.647	510	114	0	4	1533	1	510	0.0	610
NC_015119.1:1426-2962	YP_002327403.1	78.039	510	112	0	4	1533	2	511	0.0	610
NC_015119.1:1426-2962	ASM82814.1	80.392	510	100	0	4	1533	2	511	0.0	610
NC_015119.1:1426-2962	QXG19006.1	78.431	510	110	0	4	1533	1	510	0.0	610
NC_015119.1:1426-2962	QNH29323.1	77.495	511	115	0	4	1536	2	512	0.0	610
NC_015119.1:1426-2962	AHG53454.1	77.647	510	114	0	4	1533	2	511	0.0	610
NC_015119.1:1426-2962	AFK73679.1	78.082	511	112	0	4	1536	2	512	0.0	610
NC_015119.1:1426-2962	WKU84103.1	77.843	510	113	0	4	1533	1	510	0.0	610
NC_015119.1:1426-2962	AAF77296.1	77.886	511	113	0	1	1533	2	512	0.0	610
NC_015119.1:1426-2962	YP_011097623.1	78.235	510	111	0	4	1533	1	510	0.0	610
NC_015119.1:1426-2962	AFC97648.1	77.691	511	114	0	1	1533	1	511	0.0	610
NC_015119.1:1426-2962	WZX10531.1	79.412	510	105	0	4	1533	2	511	0.0	610
NC_015119.1:1426-2962	AEI70449.1	77.691	511	114	0	4	1536	2	512	0.0	610
NC_015119.1:1426-2962	YP_010261373.1	78.235	510	111	0	4	1533	2	511	0.0	610
NC_015119.1:1426-2962	ACF40685.1	77.495	511	115	0	4	1536	2	512	0.0	610
NC_015119.1:1426-2962	UFY98536.1	77.843	510	113	0	4	1533	2	511	0.0	609
NC_015119.1:1426-2962	QNH29400.1	77.495	511	115	0	4	1536	2	512	0.0	609
NC_015119.1:1426-2962	BAO24768.1	78.235	510	111	0	4	1533	2	511	0.0	609
NC_015119.1:1426-2962	ADW41391.1	77.843	510	113	0	4	1533	2	511	0.0	609
NC_015119.1:1426-2962	AEY80461.1	77.691	511	114	0	4	1536	2	512	0.0	609
NC_015119.1:1426-2962	QXG19565.1	77.843	510	113	0	4	1533	1	510	0.0	609
NC_015119.1:1426-2962	QNE85415.1	78.235	510	111	0	4	1533	2	511	0.0	609
NC_015119.1:1426-2962	QXG19318.1	78.039	510	112	0	4	1533	1	510	0.0	609
NC_015119.1:1426-2962	XHA68430.1	78.627	510	109	0	4	1533	1	510	0.0	609
NC_015119.1:1426-2962	XHA68352.1	78.039	510	112	0	4	1533	1	510	0.0	609
NC_015119.1:1426-2962	AGB06402.1	77.691	511	114	0	4	1536	2	512	0.0	609
NC_015119.1:1426-2962	YP_009378999.1	77.843	510	113	0	4	1533	2	511	0.0	609
NC_015119.1:1426-2962	AEL13686.1	77.886	511	113	0	4	1536	2	512	0.0	609
NC_015119.1:1426-2962	YP_010895029.1	78.627	510	109	0	4	1533	1	510	0.0	609
NC_015119.1:1426-2962	AMH85358.1	78.039	510	112	0	4	1533	2	511	0.0	609
NC_015119.1:1426-2962	UDD74603.1	78.431	510	110	0	4	1533	2	511	0.0	609
NC_015119.1:1426-2962	BAO24764.1	77.647	510	114	0	4	1533	2	511	0.0	609
NC_015119.1:1426-2962	AGB06398.1	77.886	511	113	0	4	1536	2	512	0.0	609
NC_015119.1:1426-2962	AEI70441.1	77.495	511	115	0	4	1536	2	512	0.0	609
NC_015119.1:1426-2962	AEL13688.1	77.886	511	113	0	4	1536	2	512	0.0	609
NC_015119.1:1426-2962	AEI70451.1	77.495	511	115	0	4	1536	2	512	0.0	609
NC_015119.1:1426-2962	ACE60558.1	77.691	511	114	0	4	1536	2	512	0.0	609
NC_015119.1:1426-2962	QXG19643.1	77.843	510	113	0	4	1533	1	510	0.0	609
NC_015119.1:1426-2962	AFK73648.1	78.278	511	111	0	4	1536	2	512	0.0	609
NC_015119.1:1426-2962	ACD54858.1	78.235	510	111	0	4	1533	2	511	0.0	609
NC_015119.1:1426-2962	WJW73919.1	78.627	510	109	0	4	1533	1	510	0.0	609
NC_015119.1:1426-2962	YP_010894938.1	77.647	510	114	0	4	1533	1	510	0.0	609
NC_015119.1:1426-2962	YP_009693798.1	80.392	510	100	0	4	1533	2	511	0.0	609
NC_015119.1:1426-2962	AFK73683.1	78.082	511	112	0	4	1536	2	512	0.0	609
NC_015119.1:1426-2962	AEW48038.1	78.082	511	112	0	4	1536	2	512	0.0	609
NC_015119.1:1426-2962	XHA68313.1	78.627	510	109	0	4	1533	1	510	0.0	609
NC_015119.1:1426-2962	QVL28828.1	77.451	510	115	0	4	1533	1	510	0.0	609
NC_015119.1:1426-2962	CAD83851.1	78.278	511	111	0	4	1536	2	512	0.0	609
NC_015119.1:1426-2962	NP_982323.2	77.886	511	113	0	1	1533	1	511	0.0	609
NC_015119.1:1426-2962	AMP43691.1	78.346	508	110	0	4	1527	2	509	0.0	609
NC_015119.1:1426-2962	BAO24769.1	77.647	510	114	0	4	1533	2	511	0.0	609
NC_015119.1:1426-2962	AEL13687.1	77.886	511	113	0	4	1536	2	512	0.0	609
NC_015119.1:1426-2962	AGB06399.1	77.691	511	114	0	4	1536	2	512	0.0	609
NC_015119.1:1426-2962	YP_009112201.1	77.996	509	112	0	7	1533	1	509	0.0	609
NC_015119.1:1426-2962	ADW41339.1	78.039	510	112	0	4	1533	2	511	0.0	609
NC_015119.1:1426-2962	YP_010895042.1	78.627	510	109	0	4	1533	1	510	0.0	609
NC_015119.1:1426-2962	YP_010414750.1	78.039	510	112	0	4	1533	1	510	0.0	609
NC_015119.1:1426-2962	QXG19045.1	77.843	510	113	0	4	1533	1	510	0.0	609
NC_015119.1:1426-2962	UZH22984.1	78.235	510	111	0	4	1533	2	511	0.0	609
NC_015119.1:1426-2962	YP_010507384.1	77.647	510	114	0	4	1533	1	510	0.0	609
NC_015119.1:1426-2962	AEI70335.1	77.495	511	115	0	4	1536	2	512	0.0	608
NC_015119.1:1426-2962	YP_010564742.1	78.431	510	110	0	4	1533	1	510	0.0	608
NC_015119.1:1426-2962	UDD74616.1	78.431	510	110	0	4	1533	2	511	0.0	608
NC_015119.1:1426-2962	YP_010894951.1	77.647	510	114	0	4	1533	1	510	0.0	608
NC_015119.1:1426-2962	AEI70465.1	77.495	511	115	0	4	1536	2	512	0.0	608
NC_015119.1:1426-2962	UDP55633.1	77.843	510	113	0	4	1533	2	511	0.0	608
NC_015119.1:1426-2962	YP_010627175.1	77.255	510	116	0	4	1533	1	510	0.0	608
NC_015119.1:1426-2962	YP_011098669.1	77.647	510	114	0	4	1533	2	511	0.0	608
NC_015119.1:1426-2962	YP_010610968.1	77.451	510	115	0	4	1533	1	510	0.0	608
NC_015119.1:1426-2962	QNH29389.1	77.886	511	113	0	4	1536	2	512	0.0	608
NC_015119.1:1426-2962	AEL13683.1	77.559	508	114	0	4	1527	2	509	0.0	608
NC_015119.1:1426-2962	AAA50472.1	78.278	511	111	0	4	1536	2	512	0.0	608
NC_015119.1:1426-2962	ABF93413.1	77.691	511	114	0	4	1536	3	513	0.0	608
NC_015119.1:1426-2962	QGR23982.1	78.235	510	111	0	4	1533	2	511	0.0	608
NC_015119.1:1426-2962	AEI70351.1	77.691	511	114	0	4	1536	2	512	0.0	608
NC_015119.1:1426-2962	YP_010713119.1	78.431	510	110	0	4	1533	2	511	0.0	608
NC_015119.1:1426-2962	ACJ68871.1	78.278	511	111	0	4	1536	2	512	0.0	608
NC_015119.1:1426-2962	AAA50470.1	78.278	511	111	0	4	1536	2	512	0.0	608
NC_015119.1:1426-2962	UYG48390.1	78.431	510	110	0	4	1533	1	510	0.0	608
NC_015119.1:1426-2962	YP_010865943.1	80.392	510	100	0	4	1533	2	511	0.0	608
NC_015119.1:1426-2962	YP_010239100.1	78.039	510	112	0	4	1533	2	511	0.0	608
NC_015119.1:1426-2962	AEI70331.1	77.691	511	114	0	4	1536	2	512	0.0	608
NC_015119.1:1426-2962	AFK73664.1	78.278	511	111	0	4	1536	2	512	0.0	608
NC_015119.1:1426-2962	YP_010447335.1	77.843	510	113	0	4	1533	1	510	0.0	608
NC_015119.1:1426-2962	ACD54882.1	77.843	510	113	0	4	1533	2	511	0.0	608
NC_015119.1:1426-2962	QNH29359.1	77.495	511	115	0	4	1536	2	512	0.0	608
NC_015119.1:1426-2962	AEY80460.1	77.299	511	116	0	4	1536	2	512	0.0	608
NC_015119.1:1426-2962	AFK73644.1	78.278	511	111	0	4	1536	2	512	0.0	608
NC_015119.1:1426-2962	UZH22979.1	78.627	510	109	0	4	1533	2	511	0.0	608
NC_015119.1:1426-2962	YP_010713106.1	79.216	510	106	0	4	1533	2	511	0.0	608
NC_015119.1:1426-2962	YP_009159320.1	77.843	510	113	0	4	1533	3	512	0.0	608
NC_015119.1:1426-2962	YP_010691330.1	78.235	510	111	0	4	1533	2	511	0.0	608
NC_015119.1:1426-2962	ABE27835.1	78.278	511	111	0	4	1536	2	512	0.0	608
NC_015119.1:1426-2962	YP_010894899.1	77.843	510	113	0	4	1533	1	510	0.0	608
NC_015119.1:1426-2962	YP_010866008.1	80.000	510	102	0	4	1533	2	511	0.0	608
NC_015119.1:1426-2962	QXG19656.1	77.843	510	113	0	4	1533	1	510	0.0	608
NC_015119.1:1426-2962	AFK73650.1	78.082	511	112	0	4	1536	2	512	0.0	608
NC_015119.1:1426-2962	AEL13693.1	78.082	511	112	0	4	1536	2	512	0.0	608
NC_015119.1:1426-2962	YP_009995520.1	78.039	510	112	0	4	1533	1	510	0.0	608
NC_015119.1:1426-2962	AFK73662.1	78.278	511	111	0	4	1536	2	512	0.0	608
NC_015119.1:1426-2962	YP_009378986.1	78.824	510	108	0	4	1533	2	511	0.0	608
NC_015119.1:1426-2962	AFD96555.1	77.647	510	114	0	4	1533	2	511	0.0	608
NC_015119.1:1426-2962	AEI70337.1	77.691	511	114	0	4	1536	2	512	0.0	608
NC_015119.1:1426-2962	UJI65701.1	77.843	510	113	0	4	1533	1	510	0.0	608
NC_015119.1:1426-2962	AGB58354.1	78.193	509	111	0	4	1530	2	510	0.0	608
NC_015119.1:1426-2962	AEI70385.1	77.691	511	114	0	4	1536	2	512	0.0	608
NC_015119.1:1426-2962	YP_007026304.1	78.235	510	111	0	4	1533	2	511	0.0	608
NC_015119.1:1426-2962	AEI70421.1	77.691	511	114	0	4	1536	2	512	0.0	608
NC_015119.1:1426-2962	AAL79940.1	78.082	511	112	0	4	1536	2	512	0.0	608
NC_015119.1:1426-2962	XHA68326.1	78.235	510	111	0	4	1533	2	511	0.0	608
NC_015119.1:1426-2962	YP_010388305.1	77.647	510	114	0	4	1533	1	510	0.0	608
NC_015119.1:1426-2962	QXG19162.1	78.235	510	111	0	4	1533	1	510	0.0	608
NC_015119.1:1426-2962	AEI70333.1	77.691	511	114	0	4	1536	2	512	0.0	608
NC_015119.1:1426-2962	YP_009919001.1	78.039	510	112	0	4	1533	1	510	0.0	608
NC_015119.1:1426-2962	AHG53272.1	77.647	510	114	0	4	1533	2	511	0.0	608
NC_015119.1:1426-2962	AAL79938.1	78.082	511	112	0	4	1536	2	512	0.0	608
NC_015119.1:1426-2962	YP_010691304.1	78.627	510	109	0	4	1533	2	511	0.0	608
NC_015119.1:1426-2962	AAF77290.1	77.691	511	114	0	1	1533	2	512	0.0	608
NC_015119.1:1426-2962	YP_009945240.1	78.039	510	112	0	4	1533	2	511	0.0	608
NC_015119.1:1426-2962	AFK73681.1	78.278	511	111	0	4	1536	2	512	0.0	608
NC_015119.1:1426-2962	AAX35705.1	77.451	510	115	0	4	1533	2	511	0.0	608
NC_015119.1:1426-2962	YP_010894912.1	77.843	510	113	0	4	1533	1	510	0.0	608
NC_015119.1:1426-2962	AMH85605.1	78.431	510	110	0	4	1533	2	511	0.0	608
NC_015119.1:1426-2962	WKU84055.1	78.039	510	112	0	4	1533	1	510	0.0	608
NC_015119.1:1426-2962	AFV08468.1	78.431	510	110	0	4	1533	2	511	0.0	608
NC_015119.1:1426-2962	CAD10471.1	78.278	511	111	0	4	1536	2	512	0.0	608
NC_015119.1:1426-2962	ACD55024.1	77.843	510	113	0	4	1533	2	511	0.0	608
NC_015119.1:1426-2962	AGO32882.1	78.431	510	110	0	4	1533	2	511	0.0	608
NC_015119.1:1426-2962	QNE85871.1	78.235	510	111	0	4	1533	1	510	0.0	608
NC_015119.1:1426-2962	AGB58351.1	78.082	511	112	0	4	1536	2	512	0.0	608
NC_015119.1:1426-2962	YP_010564716.1	78.431	510	110	0	4	1533	1	510	0.0	608
NC_015119.1:1426-2962	AMH85488.1	78.235	510	111	0	4	1533	2	511	0.0	608
NC_015119.1:1426-2962	YP_010025547.1	77.843	510	113	0	4	1533	2	511	0.0	608
NC_015119.1:1426-2962	QBF44169.1	78.431	510	110	0	4	1533	2	511	0.0	608
NC_015119.1:1426-2962	ADW41365.1	77.647	510	114	0	4	1533	2	511	0.0	608
NC_015119.1:1426-2962	WLS55592.1	78.235	510	111	0	4	1533	2	511	0.0	608
NC_015119.1:1426-2962	AMH85436.1	78.431	510	110	0	4	1533	2	511	0.0	608
NC_015119.1:1426-2962	BAO24771.1	77.451	510	115	0	4	1533	2	511	0.0	608
NC_015119.1:1426-2962	NP_982310.2	77.691	511	114	0	1	1533	1	511	0.0	608
NC_015119.1:1426-2962	QNH29375.1	77.299	511	116	0	4	1536	2	512	0.0	608
NC_015119.1:1426-2962	AFU51389.1	80.709	508	98	0	4	1527	4	511	0.0	608
NC_015119.1:1426-2962	AMX23389.1	78.926	503	106	0	7	1515	1	503	0.0	608
NC_015119.1:1426-2962	CAD10462.1	78.278	511	111	0	4	1536	2	512	0.0	608
NC_015119.1:1426-2962	YP_007026317.1	78.431	510	110	0	4	1533	2	511	0.0	608
NC_015119.1:1426-2962	YP_010165333.1	78.039	510	112	0	4	1533	2	511	0.0	608
NC_015119.1:1426-2962	YP_009250273.1	78.431	510	110	0	4	1533	2	511	0.0	608
NC_015119.1:1426-2962	YP_010626516.1	78.039	510	112	0	4	1533	2	511	0.0	608
NC_015119.1:1426-2962	AMH85592.1	78.431	510	110	0	4	1533	2	511	0.0	608
NC_015119.1:1426-2962	AFI73089.1	77.299	511	116	0	4	1536	2	512	0.0	608
NC_015119.1:1426-2962	AHX25857.1	77.495	511	115	0	4	1536	2	512	0.0	608
NC_015119.1:1426-2962	YP_009663917.1	77.691	511	114	0	4	1536	2	512	0.0	608
NC_015119.1:1426-2962	YP_010865995.1	80.392	510	100	0	4	1533	2	511	0.0	608
NC_015119.1:1426-2962	AID22186.1	78.082	511	112	0	4	1536	2	512	0.0	608
NC_015119.1:1426-2962	YP_010895276.1	77.647	510	114	0	4	1533	1	510	0.0	608
NC_015119.1:1426-2962	QOY24523.1	78.235	510	111	0	4	1533	1	510	0.0	608
NC_015119.1:1426-2962	UOU84955.1	78.431	510	110	0	4	1533	1	510	0.0	608
NC_015119.1:1426-2962	ACD54878.1	78.235	510	111	0	4	1533	2	511	0.0	608
NC_015119.1:1426-2962	YP_011097017.1	80.709	508	98	0	4	1527	4	511	0.0	608
NC_015119.1:1426-2962	QXG19409.1	78.235	510	111	0	4	1533	1	510	0.0	608
NC_015119.1:1426-2962	QLY90033.1	78.278	511	111	0	4	1536	1	511	0.0	608
NC_015119.1:1426-2962	QNH29423.1	77.299	511	116	0	4	1536	2	512	0.0	608
NC_015119.1:1426-2962	AMP88114.1	78.039	510	112	0	4	1533	2	511	0.0	608
NC_015119.1:1426-2962	WGT92202.1	80.196	510	101	0	4	1533	2	511	0.0	608
NC_015119.1:1426-2962	YP_009919079.1	77.843	510	113	0	4	1533	2	511	0.0	608
NC_015119.1:1426-2962	AFK73640.1	78.082	511	112	0	4	1536	2	512	0.0	608
NC_015119.1:1426-2962	AEW48032.1	78.278	511	111	0	4	1536	2	512	0.0	608
NC_015119.1:1426-2962	UOU85215.1	78.431	510	110	0	4	1533	1	510	0.0	608
NC_015119.1:1426-2962	ACD50053.1	78.278	511	111	0	4	1536	2	512	0.0	608
NC_015119.1:1426-2962	WKU83974.1	78.039	510	112	0	4	1533	1	510	0.0	608
NC_015119.1:1426-2962	YP_973142.1	77.647	510	114	0	4	1533	2	511	0.0	608
NC_015119.1:1426-2962	WKU83727.1	78.039	510	112	0	4	1533	1	510	0.0	608
NC_015119.1:1426-2962	AMH85566.1	78.039	510	112	0	4	1533	2	511	0.0	608
NC_015119.1:1426-2962	YP_010249763.1	78.627	510	109	0	4	1533	2	511	0.0	608
NC_015119.1:1426-2962	WGM84163.1	78.824	510	108	0	4	1533	2	511	0.0	608
NC_015119.1:1426-2962	YP_010545620.1	78.039	510	112	0	4	1533	1	510	0.0	608
NC_015119.1:1426-2962	QXG19175.1	78.235	510	111	0	4	1533	1	510	0.0	608
NC_015119.1:1426-2962	YP_010981205.1	77.843	510	113	0	4	1533	5	514	0.0	608
NC_015119.1:1426-2962	ACF40700.1	77.800	509	113	0	10	1536	1	509	0.0	607
NC_015119.1:1426-2962	YP_011096991.1	80.512	508	99	0	4	1527	4	511	0.0	607
NC_015119.1:1426-2962	AGB58362.1	77.800	509	113	0	4	1530	2	510	0.0	607
NC_015119.1:1426-2962	QBF44156.1	78.039	510	112	0	4	1533	2	511	0.0	607
NC_015119.1:1426-2962	AFK73654.1	78.082	511	112	0	4	1536	2	512	0.0	607
NC_015119.1:1426-2962	AMP43743.1	78.431	510	110	0	4	1533	2	511	0.0	607
NC_015119.1:1426-2962	AEI70383.1	77.495	511	115	0	4	1536	2	512	0.0	607
NC_015119.1:1426-2962	QOV03267.1	77.451	510	115	0	4	1533	5	514	0.0	607
NC_015119.1:1426-2962	UOU85098.1	77.843	510	113	0	4	1533	2	511	0.0	607
NC_015119.1:1426-2962	YP_009240887.1	78.235	510	111	0	4	1533	2	511	0.0	607
NC_015119.1:1426-2962	UPX88344.1	78.431	510	110	0	4	1533	1	510	0.0	607
NC_015119.1:1426-2962	AFV08390.1	78.431	510	110	0	4	1533	2	511	0.0	607
NC_015119.1:1426-2962	AFD96554.1	77.647	510	114	0	4	1533	2	511	0.0	607
NC_015119.1:1426-2962	YP_010713145.1	79.020	510	107	0	4	1533	2	511	0.0	607
NC_015119.1:1426-2962	QCU46501.1	78.627	510	109	0	4	1533	2	511	0.0	607
NC_015119.1:1426-2962	QLY89461.1	78.082	511	112	0	4	1536	1	511	0.0	607
NC_015119.1:1426-2962	AAM47858.1	77.886	511	113	0	4	1536	2	512	0.0	607
NC_015119.1:1426-2962	UIX25128.1	77.059	510	117	0	4	1533	2	511	0.0	607
NC_015119.1:1426-2962	YP_010626503.1	78.431	510	110	0	4	1533	2	511	0.0	607
NC_015119.1:1426-2962	YP_010471452.1	78.824	510	108	0	4	1533	2	511	0.0	607
NC_015119.1:1426-2962	QXG19188.1	77.451	510	115	0	4	1533	1	510	0.0	607
NC_015119.1:1426-2962	CAD10467.1	78.278	511	111	0	4	1536	2	512	0.0	607
NC_015119.1:1426-2962	QUL58825.1	78.235	510	111	0	4	1533	2	511	0.0	607
NC_015119.1:1426-2962	YP_010713158.1	78.431	510	110	0	4	1533	2	511	0.0	607
NC_015119.1:1426-2962	AEL13703.1	78.082	511	112	0	4	1536	2	512	0.0	607
NC_015119.1:1426-2962	WPY71331.1	77.843	510	113	0	4	1533	2	511	0.0	607
NC_015119.1:1426-2962	YP_010691317.1	78.235	510	111	0	4	1533	2	511	0.0	607
NC_015119.1:1426-2962	YP_011097043.1	80.315	508	100	0	4	1527	2	509	0.0	607
NC_015119.1:1426-2962	YP_009725119.1	77.451	510	115	0	4	1533	2	511	0.0	607
NC_015119.1:1426-2962	Q34345.3	77.299	511	116	0	1	1533	1	511	0.0	607
NC_015119.1:1426-2962	ACD54943.1	77.451	510	115	0	4	1533	2	511	0.0	607
NC_015119.1:1426-2962	YP_010262598.1	77.451	510	115	0	4	1533	2	511	0.0	607
NC_015119.1:1426-2962	AMR55456.1	78.431	510	110	0	4	1533	2	511	0.0	607
NC_015119.1:1426-2962	YP_010894925.1	77.451	510	115	0	4	1533	1	510	0.0	607
NC_015119.1:1426-2962	QXG19539.1	77.451	510	115	0	4	1533	1	510	0.0	607
NC_015119.1:1426-2962	AIW06317.1	77.451	510	115	0	4	1533	2	511	0.0	607
NC_015119.1:1426-2962	QFI35678.1	78.235	510	111	0	4	1533	2	511	0.0	607
NC_015119.1:1426-2962	ADW83162.1	80.000	510	102	0	4	1533	2	511	0.0	607
NC_015119.1:1426-2962	AEL13699.1	77.299	511	116	0	4	1536	2	512	0.0	607
NC_015119.1:1426-2962	YP_010865904.1	80.709	508	98	0	4	1527	2	509	0.0	607
NC_015119.1:1426-2962	YP_011097004.1	80.709	508	98	0	4	1527	4	511	0.0	607
NC_015119.1:1426-2962	QLY90241.1	77.886	511	113	0	4	1536	2	512	0.0	607
NC_015119.1:1426-2962	WKU83945.1	78.039	510	112	0	4	1533	1	510	0.0	607
NC_015119.1:1426-2962	AFD96595.1	77.647	510	114	0	4	1533	2	511	0.0	607
NC_015119.1:1426-2962	AMH85539.1	78.431	510	110	0	4	1533	2	511	0.0	607
NC_015119.1:1426-2962	QNE85623.1	78.039	510	112	0	4	1533	1	510	0.0	607
NC_015119.1:1426-2962	YP_011053779.1	78.235	510	111	0	4	1533	2	511	0.0	607
NC_015119.1:1426-2962	AFD96563.1	77.255	510	116	0	4	1533	2	511	0.0	607
NC_015119.1:1426-2962	ACP04298.1	77.255	510	116	0	4	1533	2	511	0.0	607
NC_015119.1:1426-2962	AFP47047.1	77.843	510	113	0	4	1533	2	511	0.0	607
NC_015119.1:1426-2962	YP_010545633.1	78.039	510	112	0	4	1533	1	510	0.0	607
NC_015119.1:1426-2962	YP_010471465.1	78.431	510	110	0	4	1533	2	511	0.0	607
NC_015119.1:1426-2962	QCU46543.1	78.431	510	110	0	4	1533	2	511	0.0	607
NC_015119.1:1426-2962	AEL13694.1	77.886	511	113	0	4	1536	2	512	0.0	607
NC_015119.1:1426-2962	UOU85228.1	78.431	510	110	0	4	1533	1	510	0.0	607
NC_015119.1:1426-2962	YP_010507410.1	77.843	510	113	0	4	1533	1	510	0.0	607
NC_015119.1:1426-2962	YP_010894834.1	77.756	508	113	0	4	1527	1	508	0.0	607
NC_015119.1:1426-2962	ACF40680.1	77.299	511	116	0	4	1536	2	512	0.0	607
NC_015119.1:1426-2962	AGB06416.1	77.104	511	117	0	4	1536	2	512	0.0	607
NC_015119.1:1426-2962	YP_010894964.1	78.235	510	111	0	4	1533	1	510	0.0	607
NC_015119.1:1426-2962	YP_009131561.1	77.843	510	113	0	4	1533	2	511	0.0	607
NC_015119.1:1426-2962	YP_010701731.1	77.843	510	113	0	4	1533	2	511	0.0	607
NC_015119.1:1426-2962	YP_011097056.1	80.512	508	99	0	4	1527	2	509	0.0	607
NC_015119.1:1426-2962	AEW48037.1	77.886	511	113	0	4	1536	2	512	0.0	607
NC_015119.1:1426-2962	UOU84981.1	78.235	510	111	0	4	1533	1	510	0.0	607
NC_015119.1:1426-2962	WGM84165.1	77.647	510	114	0	4	1533	2	511	0.0	607
NC_015119.1:1426-2962	XHA68287.1	78.235	510	111	0	4	1533	1	510	0.0	607
NC_015119.1:1426-2962	AGK41109.1	78.474	511	110	0	4	1536	2	512	0.0	607
NC_015119.1:1426-2962	UOU85384.1	78.431	510	110	0	4	1533	2	511	0.0	607
NC_015119.1:1426-2962	AEW48046.1	78.082	511	112	0	4	1536	2	512	0.0	607
NC_015119.1:1426-2962	WYA85809.1	79.804	510	103	0	4	1533	2	511	0.0	607
NC_015119.1:1426-2962	UJG45164.1	78.431	510	110	0	4	1533	5	514	0.0	607
NC_015119.1:1426-2962	YP_010242176.1	78.431	510	110	0	4	1533	1	510	0.0	607
NC_015119.1:1426-2962	YP_009560900.1	78.431	510	110	0	4	1533	2	511	0.0	607
NC_015119.1:1426-2962	QNE85961.1	77.451	510	115	0	4	1533	2	511	0.0	607
NC_015119.1:1426-2962	AEL13701.1	77.299	511	116	0	4	1536	2	512	0.0	607
NC_015119.1:1426-2962	QLY90306.1	77.691	511	114	0	4	1536	2	512	0.0	607
NC_015119.1:1426-2962	QNH29497.1	77.299	511	116	0	4	1536	2	512	0.0	607
NC_015119.1:1426-2962	YP_009544252.1	78.039	510	112	0	4	1533	2	511	0.0	607
NC_015119.1:1426-2962	WGT92215.1	80.000	510	102	0	4	1533	2	511	0.0	607
NC_015119.1:1426-2962	UPX88578.1	80.392	510	100	0	4	1533	2	511	0.0	607
NC_015119.1:1426-2962	YP_010865956.1	80.196	510	101	0	4	1533	2	511	0.0	607
NC_015119.1:1426-2962	YP_010259276.1	75.882	510	123	0	4	1533	2	511	0.0	607
NC_015119.1:1426-2962	UZC78764.1	77.843	510	113	0	4	1533	2	511	0.0	607
NC_015119.1:1426-2962	QOV03323.1	77.843	510	113	0	4	1533	2	511	0.0	607
NC_015119.1:1426-2962	UZH22981.1	78.039	510	112	0	4	1533	2	511	0.0	607
NC_015119.1:1426-2962	WDA94024.1	79.216	510	106	0	4	1533	2	511	0.0	607
NC_015119.1:1426-2962	YP_009338584.1	77.451	510	115	0	4	1533	2	511	0.0	607
NC_015119.1:1426-2962	AEY80470.1	78.585	509	109	0	4	1530	2	510	0.0	607
NC_015119.1:1426-2962	YP_010865982.1	80.000	510	102	0	4	1533	2	511	0.0	607
NC_015119.1:1426-2962	QVD56002.1	78.039	510	112	0	4	1533	2	511	0.0	607
NC_015119.1:1426-2962	AEI70431.1	77.299	511	116	0	4	1536	2	512	0.0	607
NC_015119.1:1426-2962	YP_009379012.1	78.431	510	110	0	4	1533	2	511	0.0	607
NC_015119.1:1426-2962	AFI73076.1	77.299	511	116	0	4	1536	2	512	0.0	607
NC_015119.1:1426-2962	YP_010997400.1	78.431	510	110	0	4	1533	2	511	0.0	607
NC_015119.1:1426-2962	XDF18748.1	78.346	508	110	0	4	1527	2	509	0.0	607
NC_015119.1:1426-2962	YP_010385246.1	79.020	510	107	0	4	1533	2	511	0.0	607
NC_015119.1:1426-2962	QLY89877.1	77.843	510	113	0	4	1533	1	510	0.0	607
NC_015119.1:1426-2962	YP_010713132.1	78.431	510	110	0	4	1533	2	511	0.0	607
NC_015119.1:1426-2962	WMQ76569.1	78.039	510	112	0	4	1533	2	511	0.0	607
NC_015119.1:1426-2962	UXX49953.1	77.800	509	113	0	4	1530	2	510	0.0	606
NC_015119.1:1426-2962	ADW41443.1	77.647	510	114	0	4	1533	2	511	0.0	606
NC_015119.1:1426-2962	AMR55453.1	78.039	510	112	0	4	1533	2	511	0.0	606
NC_015119.1:1426-2962	AEI70355.1	77.495	511	115	0	4	1536	2	512	0.0	606
NC_015119.1:1426-2962	ABE27839.1	78.082	511	112	0	4	1536	2	512	0.0	606
NC_015119.1:1426-2962	QNE85506.1	77.647	510	114	0	4	1533	2	511	0.0	606
NC_015119.1:1426-2962	YP_010701718.1	77.843	510	113	0	4	1533	2	511	0.0	606
NC_015119.1:1426-2962	YP_010701679.1	78.039	510	112	0	4	1533	2	511	0.0	606
NC_015119.1:1426-2962	AKF78823.1	78.431	510	110	0	4	1533	2	511	0.0	606
NC_015119.1:1426-2962	QRW93394.1	78.824	510	108	0	4	1533	2	511	0.0	606
NC_015119.1:1426-2962	WJJ67806.1	77.647	510	114	0	4	1533	1	510	0.0	606
NC_015119.1:1426-2962	UZH22985.1	78.235	510	111	0	4	1533	2	511	0.0	606
NC_015119.1:1426-2962	ABE27838.1	78.082	511	112	0	4	1536	2	512	0.0	606
NC_015119.1:1426-2962	AMR55457.1	78.039	510	112	0	4	1533	2	511	0.0	606
NC_015119.1:1426-2962	QVL28815.1	78.431	510	110	0	4	1533	1	510	0.0	606
NC_015119.1:1426-2962	YP_010239061.1	77.647	510	114	0	4	1533	2	511	0.0	606
NC_015119.1:1426-2962	AFK73646.1	78.082	511	112	0	4	1536	2	512	0.0	606
NC_015119.1:1426-2962	ABE27840.1	78.082	511	112	0	4	1536	2	512	0.0	606
NC_015119.1:1426-2962	AGB06397.1	76.908	511	118	0	4	1536	2	512	0.0	606
NC_015119.1:1426-2962	AEL13692.1	77.299	511	116	0	4	1536	2	512	0.0	606
NC_015119.1:1426-2962	AFK73642.1	77.886	511	113	0	4	1536	2	512	0.0	606
NC_015119.1:1426-2962	ABE27836.1	78.082	511	112	0	4	1536	2	512	0.0	606
NC_015119.1:1426-2962	YP_010865917.1	80.196	510	101	0	4	1533	2	511	0.0	606
NC_015119.1:1426-2962	ADM64342.1	77.886	511	113	0	4	1536	2	512	0.0	606
NC_015119.1:1426-2962	AGK85648.1	77.451	510	115	0	4	1533	2	511	0.0	606
NC_015119.1:1426-2962	AEN94371.1	77.691	511	114	0	4	1536	2	512	0.0	606
NC_015119.1:1426-2962	ACD54992.1	77.647	510	114	0	4	1533	2	511	0.0	606
NC_015119.1:1426-2962	ARI44174.1	78.039	510	112	0	4	1533	2	511	0.0	606
NC_015119.1:1426-2962	AGK41150.1	78.474	511	110	0	4	1536	2	512	0.0	606
NC_015119.1:1426-2962	YP_010147611.1	77.843	510	113	0	4	1533	2	511	0.0	606
NC_015119.1:1426-2962	AEI70369.1	77.495	511	115	0	4	1536	2	512	0.0	606
NC_015119.1:1426-2962	YP_009939475.1	78.039	510	112	0	4	1533	1	510	0.0	606
NC_015119.1:1426-2962	YP_010507371.1	78.039	510	112	0	4	1533	1	510	0.0	606
NC_015119.1:1426-2962	AFK73660.1	78.082	511	112	0	4	1536	2	512	0.0	606
NC_015119.1:1426-2962	YP_011097082.1	79.804	510	103	0	4	1533	2	511	0.0	606
NC_015119.1:1426-2962	QRW93411.1	78.150	508	111	0	4	1527	2	509	0.0	606
NC_015119.1:1426-2962	AMP43782.1	77.647	510	114	0	4	1533	2	511	0.0	606
NC_015119.1:1426-2962	ACD50045.1	77.886	511	113	0	4	1536	2	512	0.0	606
NC_015119.1:1426-2962	UOU84890.1	77.647	510	114	0	4	1533	2	511	0.0	606
NC_015119.1:1426-2962	QXG19305.1	77.255	510	116	0	4	1533	1	510	0.0	606
NC_015119.1:1426-2962	ATN41230.1	77.843	510	113	0	4	1533	3	512	0.0	606
NC_015119.1:1426-2962	WDA93998.1	79.216	510	106	0	4	1533	2	511	0.0	606
NC_015119.1:1426-2962	XHA68365.1	78.039	510	112	0	4	1533	1	510	0.0	606
NC_015119.1:1426-2962	QOY24510.1	78.235	510	111	0	4	1533	2	511	0.0	606
NC_015119.1:1426-2962	ACD54989.1	77.647	510	114	0	4	1533	2	511	0.0	606
NC_015119.1:1426-2962	AHX74102.1	77.495	511	115	0	4	1536	2	512	0.0	606
NC_015119.1:1426-2962	QVL28750.1	77.843	510	113	0	4	1533	1	510	0.0	606
NC_015119.1:1426-2962	ACD50039.1	77.495	511	115	0	4	1536	2	512	0.0	606
NC_015119.1:1426-2962	YP_010446947.1	78.627	510	109	0	4	1533	2	511	0.0	606
NC_015119.1:1426-2962	AGK41152.1	78.278	511	111	0	4	1536	2	512	0.0	606
NC_015119.1:1426-2962	AEL13689.1	77.299	511	116	0	4	1536	2	512	0.0	606
NC_015119.1:1426-2962	YP_009742607.1	77.255	510	116	0	4	1533	2	511	0.0	606
NC_015119.1:1426-2962	ACD50052.1	78.474	511	110	0	4	1536	2	512	0.0	606
NC_015119.1:1426-2962	AGO32888.1	78.346	508	110	0	4	1527	2	509	0.0	606
NC_015119.1:1426-2962	ACD54899.1	78.431	510	110	0	4	1533	2	511	0.0	606
NC_015119.1:1426-2962	AGB06403.1	77.691	511	114	0	4	1536	2	512	0.0	606
NC_015119.1:1426-2962	AFV08455.1	78.235	510	111	0	4	1533	2	511	0.0	606
NC_015119.1:1426-2962	AHX25862.1	77.299	511	116	0	4	1536	2	512	0.0	606
NC_015119.1:1426-2962	UOU85137.1	78.039	510	112	0	4	1533	2	511	0.0	606
# BLAST processed 1 queries
